# JRE version: Java(TM) SE Runtime Environment (24.0.2+12) (build 24.0.2+12-54)
# Java VM: Java HotSpot(TM) 64-Bit Server VM (24.0.2+12-54, mixed mode, sharing, tiered, compressed oops, compressed class ptrs, g1 gc, windows-amd64)
GC Precious Log:
 CardTable entry size: 512
 Card Set container configuration: InlinePtr #cards 5 size 8 Array Of Cards #cards 10 size 36 Howl #buckets 4 coarsen threshold 1843 Howl Bitmap #cards 512 size 80 coarsen threshold 460 Card regions per heap region 1 cards per card region 2048
 CPUs: 16 total, 16 available
 Memory: 7876M
 Large Page Support: Disabled
 NUMA Support: Disabled
 Compressed Oops: Enabled (32-bit)
 Heap Region Size: 1M
 Heap Min Capacity: 8M
 Heap Initial Capacity: 124M
 Heap Max Capacity: 1970M
 Pre-touch: Disabled
 Parallel Workers: 13
 Concurrent Workers: 3
 Concurrent Refinement Workers: 13
 Periodic GC: Disabled
Heap:
 garbage-first heap   total reserved 2017280K, committed 57344K, used 33909K [0x0000000084e00000, 0x0000000100000000)
  region size 1024K, 5 young (5120K), 1 survivors (1024K)
 Metaspace       used 67356K, committed 67904K, reserved 1114112K
  class space    used 7054K, committed 7296K, reserved 1048576K
GC Heap History (20 events):
Event: 1.677 GC heap before
{Heap before GC invocations=3 (full 0):
 garbage-first heap   total reserved 2017280K, committed 51200K, used 48249K [0x0000000084e00000, 0x0000000100000000)
  region size 1024K, 38 young (38912K), 3 survivors (3072K)
 Metaspace       used 26291K, committed 26624K, reserved 1114112K
  class space    used 2580K, committed 2688K, reserved 1048576K
}
Event: 1.680 GC heap after
{Heap after GC invocations=4 (full 0):
 garbage-first heap   total reserved 2017280K, committed 57344K, used 16464K [0x0000000084e00000, 0x0000000100000000)
  region size 1024K, 6 young (6144K), 6 survivors (6144K)
 Metaspace       used 26291K, committed 26624K, reserved 1114112K
  class space    used 2580K, committed 2688K, reserved 1048576K
}
Event: 2.115 GC heap before
{Heap before GC invocations=4 (full 0):
 garbage-first heap   total reserved 2017280K, committed 57344K, used 41040K [0x0000000084e00000, 0x0000000100000000)
  region size 1024K, 30 young (30720K), 6 survivors (6144K)
 Metaspace       used 30122K, committed 30528K, reserved 1114112K
  class space    used 3054K, committed 3264K, reserved 1048576K
}
Event: 2.119 GC heap after
{Heap after GC invocations=5 (full 0):
 garbage-first heap   total reserved 2017280K, committed 57344K, used 18630K [0x0000000084e00000, 0x0000000100000000)
  region size 1024K, 3 young (3072K), 3 survivors (3072K)
 Metaspace       used 30122K, committed 30528K, reserved 1114112K
  class space    used 3054K, committed 3264K, reserved 1048576K
}
Event: 2.505 GC heap before
{Heap before GC invocations=5 (full 0):
 garbage-first heap   total reserved 2017280K, committed 57344K, used 41158K [0x0000000084e00000, 0x0000000100000000)
  region size 1024K, 26 young (26624K), 3 survivors (3072K)
 Metaspace       used 33563K, committed 34048K, reserved 1114112K
  class space    used 3466K, committed 3648K, reserved 1048576K
}
Event: 2.507 GC heap after
{Heap after GC invocations=6 (full 0):
 garbage-first heap   total reserved 2017280K, committed 57344K, used 20751K [0x0000000084e00000, 0x0000000100000000)
  region size 1024K, 3 young (3072K), 3 survivors (3072K)
 Metaspace       used 33563K, committed 34048K, reserved 1114112K
  class space    used 3466K, committed 3648K, reserved 1048576K
}
Event: 2.692 GC heap before
{Heap before GC invocations=6 (full 0):
 garbage-first heap   total reserved 2017280K, committed 57344K, used 26895K [0x0000000084e00000, 0x0000000100000000)
  region size 1024K, 10 young (10240K), 3 survivors (3072K)
 Metaspace       used 35509K, committed 35968K, reserved 1114112K
  class space    used 3636K, committed 3840K, reserved 1048576K
}
Event: 2.693 GC heap after
{Heap after GC invocations=7 (full 0):
 garbage-first heap   total reserved 2017280K, committed 57344K, used 21085K [0x0000000084e00000, 0x0000000100000000)
  region size 1024K, 3 young (3072K), 3 survivors (3072K)
 Metaspace       used 35509K, committed 35968K, reserved 1114112K
  class space    used 3636K, committed 3840K, reserved 1048576K
}
Event: 3.121 GC heap before
{Heap before GC invocations=8 (full 0):
 garbage-first heap   total reserved 2017280K, committed 57344K, used 45661K [0x0000000084e00000, 0x0000000100000000)
  region size 1024K, 27 young (27648K), 3 survivors (3072K)
 Metaspace       used 42304K, committed 42816K, reserved 1114112K
  class space    used 4349K, committed 4544K, reserved 1048576K
}
Event: 3.123 GC heap after
{Heap after GC invocations=9 (full 0):
 garbage-first heap   total reserved 2017280K, committed 57344K, used 22665K [0x0000000084e00000, 0x0000000100000000)
  region size 1024K, 3 young (3072K), 3 survivors (3072K)
 Metaspace       used 42304K, committed 42816K, reserved 1114112K
  class space    used 4349K, committed 4544K, reserved 1048576K
}
Event: 3.692 GC heap before
{Heap before GC invocations=9 (full 0):
 garbage-first heap   total reserved 2017280K, committed 57344K, used 47241K [0x0000000084e00000, 0x0000000100000000)
  region size 1024K, 27 young (27648K), 3 survivors (3072K)
 Metaspace       used 52106K, committed 52544K, reserved 1114112K
  class space    used 5283K, committed 5440K, reserved 1048576K
}
Event: 3.695 GC heap after
{Heap after GC invocations=10 (full 0):
 garbage-first heap   total reserved 2017280K, committed 57344K, used 24845K [0x0000000084e00000, 0x0000000100000000)
  region size 1024K, 4 young (4096K), 4 survivors (4096K)
 Metaspace       used 52106K, committed 52544K, reserved 1114112K
  class space    used 5283K, committed 5440K, reserved 1048576K
}
Event: 4.051 GC heap before
{Heap before GC invocations=10 (full 0):
 garbage-first heap   total reserved 2017280K, committed 57344K, used 45325K [0x0000000084e00000, 0x0000000100000000)
  region size 1024K, 26 young (26624K), 4 survivors (4096K)
 Metaspace       used 59730K, committed 60160K, reserved 1114112K
  class space    used 6178K, committed 6336K, reserved 1048576K
}
Event: 4.053 GC heap after
{Heap after GC invocations=11 (full 0):
 garbage-first heap   total reserved 2017280K, committed 57344K, used 26546K [0x0000000084e00000, 0x0000000100000000)
  region size 1024K, 4 young (4096K), 4 survivors (4096K)
 Metaspace       used 59730K, committed 60160K, reserved 1114112K
  class space    used 6178K, committed 6336K, reserved 1048576K
}
Event: 4.342 GC heap before
{Heap before GC invocations=12 (full 0):
 garbage-first heap   total reserved 2017280K, committed 57344K, used 48050K [0x0000000084e00000, 0x0000000100000000)
  region size 1024K, 25 young (25600K), 4 survivors (4096K)
 Metaspace       used 63358K, committed 63872K, reserved 1114112K
  class space    used 6610K, committed 6784K, reserved 1048576K
}
Event: 4.345 GC heap after
{Heap after GC invocations=13 (full 0):
 garbage-first heap   total reserved 2017280K, committed 57344K, used 27927K [0x0000000084e00000, 0x0000000100000000)
  region size 1024K, 3 young (3072K), 3 survivors (3072K)
 Metaspace       used 63358K, committed 63872K, reserved 1114112K
  class space    used 6610K, committed 6784K, reserved 1048576K
}
Event: 4.687 GC heap before
{Heap before GC invocations=13 (full 0):
 garbage-first heap   total reserved 2017280K, committed 57344K, used 49431K [0x0000000084e00000, 0x0000000100000000)
  region size 1024K, 24 young (24576K), 3 survivors (3072K)
 Metaspace       used 66226K, committed 66880K, reserved 1114112K
  class space    used 6964K, committed 7232K, reserved 1048576K
}
Event: 4.690 GC heap after
{Heap after GC invocations=14 (full 0):
 garbage-first heap   total reserved 2017280K, committed 57344K, used 29954K [0x0000000084e00000, 0x0000000100000000)
  region size 1024K, 3 young (3072K), 3 survivors (3072K)
 Metaspace       used 66226K, committed 66880K, reserved 1114112K
  class space    used 6964K, committed 7232K, reserved 1048576K
}
Event: 362.055 GC heap before
{Heap before GC invocations=14 (full 0):
 garbage-first heap   total reserved 2017280K, committed 57344K, used 49410K [0x0000000084e00000, 0x0000000100000000)
  region size 1024K, 22 young (22528K), 3 survivors (3072K)
 Metaspace       used 67349K, committed 67904K, reserved 1114112K
  class space    used 7054K, committed 7296K, reserved 1048576K
}
Event: 362.078 GC heap after
{Heap after GC invocations=15 (full 0):
 garbage-first heap   total reserved 2017280K, committed 57344K, used 30837K [0x0000000084e00000, 0x0000000100000000)
  region size 1024K, 1 young (1024K), 1 survivors (1024K)
 Metaspace       used 67349K, committed 67904K, reserved 1114112K
  class space    used 7054K, committed 7296K, reserved 1048576K
}

